[INFO]ReplicaSetController starting...
[INFO]API Client initialized with base URL: http://10.181.22.193:5050
[INFO]ReplicaSetController main loop started
[INFO]ReplicaSetController started
[INFO]Controller is running. Press CTRL+C to stop.
[INFO]No ReplicaSets found
[INFO]No ReplicaSets found
[INFO]No ReplicaSets found
[INFO]No ReplicaSets found
[INFO]No ReplicaSets found
[INFO]Found 1 ReplicaSets
[INFO]Reconciling ReplicaSet hello-world-rs in namespace default
[INFO]Processing group with base pod pod1
[INFO]Original alive pods in group pod1: ['pod1']
[INFO]Group pod1 needs 1 more pods
[INFO]Base pod config: {'metadata': {'name': 'pod1', 'namespace': 'default', 'labels': {'app': 'hello-world'}}, 'spec': {'volumes': {}, 'containers': [{'name': 'pod1-container1', 'image': 'registry.cn-hangzhou.aliyuncs.com/tanjunchen/network-multitool:v1', 'command': ['sh', '-c'], 'args': ["echo 'Hello, Kubernetes!'"], 'resources': {'requests': {'cpu': 1.0, 'memory': 134217728}, 'limits': {'cpu': 2.0, 'memory': 268435456}}}]}, 'overlay_name': None, 'subnet_ip': None, 'node_id': None, 'status': None}
[INFO]Modified pod config for pod1-cot02c: {'metadata': {'name': 'pod1-cot02c', 'namespace': 'default', 'labels': {'app': 'hello-world'}}, 'spec': {'volumes': {}, 'containers': [{'name': 'pod1-container1-cot02c', 'image': 'registry.cn-hangzhou.aliyuncs.com/tanjunchen/network-multitool:v1', 'command': ['sh', '-c'], 'args': ["echo 'Hello, Kubernetes!'"], 'resources': {'requests': {'cpu': 1.0, 'memory': 134217728}, 'limits': {'cpu': 2.0, 'memory': 268435456}}}]}, 'overlay_name': None, 'subnet_ip': None, 'node_id': None, 'status': None}
[INFO]Created Pod pod1-cot02c based on pod1
[INFO]Updated group pod1: [['pod1', 'pod1-cot02c']]
[INFO]ReplicaSet hello-world-rs config: {'metadata': {'name': 'hello-world-rs', 'namespace': 'default', 'labels': {'app': 'hello-world'}}, 'spec': {'replicas': 2, 'selector': {'matchLabels': {'app': 'hello-world'}}}, 'status': ['Ready'], 'current_replicas': [2], 'pod_instances': [['pod1', 'pod1-cot02c']], 'hpa_controlled': False}
[INFO]Updated ReplicaSet hello-world-rs
[INFO]ReplicaSet hello-world-rs reconciled: 2/2 total pods
[INFO]Found 1 ReplicaSets
[INFO]Reconciling ReplicaSet hello-world-rs in namespace default
[INFO]Processing group with base pod pod1
[INFO]Original alive pods in group pod1: ['pod1', 'pod1-cot02c']
[INFO]Updated group pod1: [['pod1', 'pod1-cot02c']]
[INFO]No changes needed for ReplicaSet hello-world-rs
[INFO]Found 1 ReplicaSets
[INFO]Reconciling ReplicaSet hello-world-rs in namespace default
[INFO]ReplicaSet hello-world-rs has no pod instances
[INFO]Found 1 ReplicaSets
[INFO]Reconciling ReplicaSet hello-world-rs in namespace default
[INFO]ReplicaSet hello-world-rs has no pod instances
[INFO]Found 1 ReplicaSets
[INFO]Reconciling ReplicaSet hello-world-rs in namespace default
[INFO]ReplicaSet hello-world-rs has no pod instances
[INFO]Found 1 ReplicaSets
[INFO]Reconciling ReplicaSet hello-world-rs in namespace default
[INFO]ReplicaSet hello-world-rs has no pod instances
[INFO]Found 1 ReplicaSets
[INFO]Reconciling ReplicaSet hello-world-rs in namespace default
[INFO]ReplicaSet hello-world-rs has no pod instances
[INFO]Found 1 ReplicaSets
[INFO]Reconciling ReplicaSet hello-world-rs in namespace default
[INFO]ReplicaSet hello-world-rs has no pod instances
[INFO]Found 1 ReplicaSets
[INFO]Reconciling ReplicaSet hello-world-rs in namespace default
[INFO]ReplicaSet hello-world-rs has no pod instances
[INFO]Found 1 ReplicaSets
[INFO]Reconciling ReplicaSet hello-world-rs in namespace default
[INFO]ReplicaSet hello-world-rs has no pod instances
[INFO]Found 1 ReplicaSets
[INFO]Reconciling ReplicaSet hello-world-rs in namespace default
[INFO]ReplicaSet hello-world-rs has no pod instances
[INFO]Found 1 ReplicaSets
[INFO]Reconciling ReplicaSet hello-world-rs in namespace default
[INFO]ReplicaSet hello-world-rs has no pod instances
[INFO]Found 1 ReplicaSets
[INFO]Reconciling ReplicaSet hello-world-rs in namespace default
[INFO]ReplicaSet hello-world-rs has no pod instances
[INFO]Found 1 ReplicaSets
[INFO]Reconciling ReplicaSet hello-world-rs in namespace default
[INFO]ReplicaSet hello-world-rs has no pod instances

[INFO]Shutting down...
[INFO]Stopping ReplicaSetController...
[INFO]ReplicaSetController main loop terminated
[INFO]ReplicaSetController stopped
[INFO]ReplicaSetController is not running
